Using pre-set license
Built from '2021.3/staging' branch; Version is '2021.3.20f1 (577897200b8b) revision 5732503'; Using compiler version '192829333'; Build Type 'Release'
OS: 'Windows 11  (10.0.22621) 64bit Core' Language: 'pt' Physical Memory: 32693 MB
BatchMode: 1, IsHumanControllingUs: 0, StartBugReporterOnCrash: 0, Is64bit: 1, IsPro: 1

COMMAND LINE ARGUMENTS:
C:\Program Files\Unity\Hub\Editor\2021.3.20f1\Editor\Unity.exe
-adb2
-batchMode
-noUpm
-name
AssetImportWorker3
-projectPath
D:/2D shop
-logFile
Logs/AssetImportWorker3.log
-srvPort
63228
Successfully changed project path to: D:/2D shop
D:/2D shop
[UnityMemory] Configuration Parameters - Can be set up in boot.config
    "memorysetup-bucket-allocator-granularity=16"
    "memorysetup-bucket-allocator-bucket-count=8"
    "memorysetup-bucket-allocator-block-size=33554432"
    "memorysetup-bucket-allocator-block-count=8"
    "memorysetup-main-allocator-block-size=16777216"
    "memorysetup-thread-allocator-block-size=16777216"
    "memorysetup-gfx-main-allocator-block-size=16777216"
    "memorysetup-gfx-thread-allocator-block-size=16777216"
    "memorysetup-cache-allocator-block-size=4194304"
    "memorysetup-typetree-allocator-block-size=2097152"
    "memorysetup-profiler-bucket-allocator-granularity=16"
    "memorysetup-profiler-bucket-allocator-bucket-count=8"
    "memorysetup-profiler-bucket-allocator-block-size=33554432"
    "memorysetup-profiler-bucket-allocator-block-count=8"
    "memorysetup-profiler-allocator-block-size=16777216"
    "memorysetup-profiler-editor-allocator-block-size=1048576"
    "memorysetup-temp-allocator-size-main=16777216"
    "memorysetup-job-temp-allocator-block-size=2097152"
    "memorysetup-job-temp-allocator-block-size-background=1048576"
    "memorysetup-job-temp-allocator-reduction-small-platforms=262144"
    "memorysetup-temp-allocator-size-background-worker=32768"
    "memorysetup-temp-allocator-size-job-worker=262144"
    "memorysetup-temp-allocator-size-preload-manager=33554432"
    "memorysetup-temp-allocator-size-nav-mesh-worker=65536"
    "memorysetup-temp-allocator-size-audio-worker=65536"
    "memorysetup-temp-allocator-size-cloud-worker=32768"
    "memorysetup-temp-allocator-size-gi-baking-worker=262144"
    "memorysetup-temp-allocator-size-gfx=262144"
Player connection [8736] Host "[IP] 169.254.94.245 [Port] 0 [Flags] 2 [Guid] 1096577607 [EditorId] 1096577607 [Version] 1048832 [Id] WindowsEditor(7,HUGO-DESKTOP) [Debug] 1 [PackageName] WindowsEditor [ProjectName] Editor" joined multi-casting on [225.0.0.222:54997]...

Player connection [8736] Host "[IP] 169.254.94.245 [Port] 0 [Flags] 2 [Guid] 1096577607 [EditorId] 1096577607 [Version] 1048832 [Id] WindowsEditor(7,HUGO-DESKTOP) [Debug] 1 [PackageName] WindowsEditor [ProjectName] Editor" joined alternative multi-casting on [225.0.0.222:34997]...

Refreshing native plugins compatible for Editor in 75.60 ms, found 4 plugins.
Preloading 0 native plugins for Editor in 0.00 ms.
Initialize engine version: 2021.3.20f1 (577897200b8b)
[Subsystems] Discovering subsystems at path C:/Program Files/Unity/Hub/Editor/2021.3.20f1/Editor/Data/Resources/UnitySubsystems
[Subsystems] Discovering subsystems at path D:/2D shop/Assets
GfxDevice: creating device client; threaded=0; jobified=0
Direct3D:
    Version:  Direct3D 11.0 [level 11.1]
    Renderer: AMD Radeon RX 6750 XT (ID=0x73df)
    Vendor:   ATI
    VRAM:     12242 MB
    Driver:   31.0.22023.1014
Initialize mono
Mono path[0] = 'C:/Program Files/Unity/Hub/Editor/2021.3.20f1/Editor/Data/Managed'
Mono path[1] = 'C:/Program Files/Unity/Hub/Editor/2021.3.20f1/Editor/Data/MonoBleedingEdge/lib/mono/unityjit-win32'
Mono config path = 'C:/Program Files/Unity/Hub/Editor/2021.3.20f1/Editor/Data/MonoBleedingEdge/etc'
Using monoOptions --debugger-agent=transport=dt_socket,embedding=1,server=y,suspend=n,address=127.0.0.1:56960
Begin MonoManager ReloadAssembly
Registering precompiled unity dll's ...
Register platform support module: C:/Program Files/Unity/Hub/Editor/2021.3.20f1/Editor/Data/PlaybackEngines/WindowsStandaloneSupport/UnityEditor.WindowsStandalone.Extensions.dll
Register platform support module: C:/Program Files/Unity/Hub/Editor/2021.3.20f1/Editor/Data/PlaybackEngines/MetroSupport/UnityEditor.UWP.Extensions.dll
Registered in 0.005413 seconds.
Native extension for UWP target not found
Native extension for WindowsStandalone target not found
Refreshing native plugins compatible for Editor in 76.16 ms, found 4 plugins.
Preloading 0 native plugins for Editor in 0.00 ms.
Mono: successfully reloaded assembly
- Completed reload, in  0.492 seconds
Domain Reload Profiling:
	ReloadAssembly (493ms)
		BeginReloadAssembly (70ms)
			ExecutionOrderSort (0ms)
			DisableScriptedObjects (0ms)
			BackupInstance (0ms)
			ReleaseScriptingObjects (0ms)
			CreateAndSetChildDomain (1ms)
		EndReloadAssembly (347ms)
			LoadAssemblies (68ms)
			RebuildTransferFunctionScriptingTraits (0ms)
			SetupTypeCache (73ms)
			ReleaseScriptCaches (0ms)
			RebuildScriptCaches (19ms)
			SetupLoadedEditorAssemblies (215ms)
				LogAssemblyErrors (0ms)
				InitializePlatformSupportModulesInManaged (7ms)
				SetLoadedEditorAssemblies (0ms)
				RefreshPlugins (76ms)
				BeforeProcessingInitializeOnLoad (1ms)
				ProcessInitializeOnLoadAttributes (96ms)
				ProcessInitializeOnLoadMethodAttributes (35ms)
				AfterProcessingInitializeOnLoad (0ms)
				EditorAssembliesLoaded (0ms)
			ExecutionOrderSort2 (0ms)
			AwakeInstancesAfterBackupRestoration (0ms)
Platform modules already initialized, skipping
Registering precompiled user dll's ...
Registered in 0.005706 seconds.
Begin MonoManager ReloadAssembly
Symbol file LoadedFromMemory doesn't match image D:\2D shop\Library\PackageCache\com.unity.visualscripting@1.8.0\Editor\VisualScripting.Core\Dependencies\YamlDotNet\Unity.VisualScripting.YamlDotNet.dll
Symbol file LoadedFromMemory doesn't match image D:\2D shop\Library\PackageCache\com.unity.visualscripting@1.8.0\Editor\VisualScripting.Core\Dependencies\DotNetZip\Unity.VisualScripting.IonicZip.dll
Native extension for UWP target not found
Native extension for WindowsStandalone target not found
Refreshing native plugins compatible for Editor in 71.37 ms, found 4 plugins.
Preloading 0 native plugins for Editor in 0.00 ms.
Mono: successfully reloaded assembly
- Completed reload, in  1.011 seconds
Domain Reload Profiling:
	ReloadAssembly (1012ms)
		BeginReloadAssembly (93ms)
			ExecutionOrderSort (0ms)
			DisableScriptedObjects (5ms)
			BackupInstance (0ms)
			ReleaseScriptingObjects (0ms)
			CreateAndSetChildDomain (15ms)
		EndReloadAssembly (836ms)
			LoadAssemblies (72ms)
			RebuildTransferFunctionScriptingTraits (0ms)
			SetupTypeCache (167ms)
			ReleaseScriptCaches (1ms)
			RebuildScriptCaches (39ms)
			SetupLoadedEditorAssemblies (530ms)
				LogAssemblyErrors (0ms)
				InitializePlatformSupportModulesInManaged (5ms)
				SetLoadedEditorAssemblies (0ms)
				RefreshPlugins (71ms)
				BeforeProcessingInitializeOnLoad (77ms)
				ProcessInitializeOnLoadAttributes (343ms)
				ProcessInitializeOnLoadMethodAttributes (28ms)
				AfterProcessingInitializeOnLoad (7ms)
				EditorAssembliesLoaded (0ms)
			ExecutionOrderSort2 (0ms)
			AwakeInstancesAfterBackupRestoration (4ms)
Platform modules already initialized, skipping
========================================================================
Worker process is ready to serve import requests
Launched and connected shader compiler UnityShaderCompiler.exe after 0.06 seconds
Refreshing native plugins compatible for Editor in 1.07 ms, found 4 plugins.
Preloading 0 native plugins for Editor in 0.00 ms.
Unloading 3836 Unused Serialized files (Serialized files now loaded: 0)
Unloading 47 unused Assets / (56.5 KB). Loaded Objects now: 4284.
Memory consumption went from 147.5 MB to 147.4 MB.
Total: 2.984900 ms (FindLiveObjects: 0.207500 ms CreateObjectMapping: 0.108100 ms MarkObjects: 2.601500 ms  DeleteObjects: 0.067200 ms)

AssetImportParameters requested are different than current active one (requested -> active):
  custom:video-decoder-ogg-theora: a1e56fd34408186e4bbccfd4996cb3dc -> 
  custom:container-muxer-webm: aa71ff27fc2769a1b78a27578f13a17b -> 
  custom:container-demuxer-webm: 4f35f7cbe854078d1ac9338744f61a02 -> 
  custom:video-encoder-webm-vp8: eb34c28f22e8b96e1ab97ce403110664 -> 
  custom:video-codec-MediaFoundation-h265: 746d11721c4dcdbdad8f713fa42b33f4 -> 
  custom:audio-encoder-webm-vorbis: bf7c407c2cedff20999df2af8eb42d56 -> 
  custom:framework-win-MediaFoundation: 216162199b28c13a410421893ffa2e32 -> 
  custom:container-demuxer-ogg: 62fdf1f143b41e24485cea50d1cbac27 -> 
  custom:video-decoder-webm-vp8: 9c59270c3fd7afecdb556c50c9e8de78 -> 
  custom:audio-decoder-ogg-vorbis: bf7c407c2cedff20999df2af8eb42d56 -> 
========================================================================
Received Import Request.
  Time since last request: 107636.583111 seconds.
  path: Assets/Brackeys/2D Mega Pack/Environment/Stick Figure-like/Tree01.png
  artifactKey: Guid(74523066bc47fe84dbaa42e33b2e9adc) Importer(815301076,1909f56bfc062723c751e8b465ee728b)
Start importing Assets/Brackeys/2D Mega Pack/Environment/Stick Figure-like/Tree01.png using Guid(74523066bc47fe84dbaa42e33b2e9adc) Importer(815301076,1909f56bfc062723c751e8b465ee728b)  -> (artifact id: 'be0f3b147e9a166b6807e7704871f053') in 0.086454 seconds 
========================================================================
Received Import Request.
  Time since last request: 1.046974 seconds.
  path: Assets/Brackeys/2D Mega Pack/Environment/Tiles/HollowTile.png
  artifactKey: Guid(096668a9e1bbbcf42a6e5773a5b591bc) Importer(815301076,1909f56bfc062723c751e8b465ee728b)
Start importing Assets/Brackeys/2D Mega Pack/Environment/Tiles/HollowTile.png using Guid(096668a9e1bbbcf42a6e5773a5b591bc) Importer(815301076,1909f56bfc062723c751e8b465ee728b)  -> (artifact id: 'afe8d3e2f1bd69d63bea7ed5e57d1863') in 0.004856 seconds 
========================================================================
Received Import Request.
  Time since last request: 0.000069 seconds.
  path: Assets/Brackeys/2D Mega Pack/Environment/Tiles/SpikeTile_Down.png
  artifactKey: Guid(73f92a50abe00ea428b79f37b1de1b54) Importer(815301076,1909f56bfc062723c751e8b465ee728b)
Start importing Assets/Brackeys/2D Mega Pack/Environment/Tiles/SpikeTile_Down.png using Guid(73f92a50abe00ea428b79f37b1de1b54) Importer(815301076,1909f56bfc062723c751e8b465ee728b)  -> (artifact id: '2db6cf4cb592a4f1953fcd2dd0cb55ca') in 0.008543 seconds 
========================================================================
Received Import Request.
  Time since last request: 15.300297 seconds.
  path: Assets/Brackeys/2D Mega Pack/Weapons & Tools/FishingRod.png
  artifactKey: Guid(1959adfdc5c338840858eec9307f0184) Importer(815301076,1909f56bfc062723c751e8b465ee728b)
Start importing Assets/Brackeys/2D Mega Pack/Weapons & Tools/FishingRod.png using Guid(1959adfdc5c338840858eec9307f0184) Importer(815301076,1909f56bfc062723c751e8b465ee728b)  -> (artifact id: '14784297841684202fafa83f41821e40') in 0.004868 seconds 
========================================================================
Received Import Request.
  Time since last request: 0.000012 seconds.
  path: Assets/Brackeys/2D Mega Pack/Weapons & Tools/Sword.png
  artifactKey: Guid(b2f3327f47464544293b6b9018e1296e) Importer(815301076,1909f56bfc062723c751e8b465ee728b)
Start importing Assets/Brackeys/2D Mega Pack/Weapons & Tools/Sword.png using Guid(b2f3327f47464544293b6b9018e1296e) Importer(815301076,1909f56bfc062723c751e8b465ee728b)  -> (artifact id: 'cee3658917a1da4d36ce43c772fd2802') in 0.010010 seconds 
========================================================================
Received Import Request.
  Time since last request: 0.000015 seconds.
  path: Assets/Brackeys/2D Mega Pack/Weapons & Tools/WateringCan.png
  artifactKey: Guid(8dfb7eb4494cbe14eabf0fda5056d27d) Importer(815301076,1909f56bfc062723c751e8b465ee728b)
Start importing Assets/Brackeys/2D Mega Pack/Weapons & Tools/WateringCan.png using Guid(8dfb7eb4494cbe14eabf0fda5056d27d) Importer(815301076,1909f56bfc062723c751e8b465ee728b)  -> (artifact id: '6fdfcd92f1aff4767d0c1e990ba02aa0') in 0.008602 seconds 
========================================================================
Received Import Request.
  Time since last request: 3.994971 seconds.
  path: Assets/Brackeys/2D Mega Pack/UI/IconBox.png
  artifactKey: Guid(418d638d3bbaa6f4b82cd8c785a73ff7) Importer(815301076,1909f56bfc062723c751e8b465ee728b)
Start importing Assets/Brackeys/2D Mega Pack/UI/IconBox.png using Guid(418d638d3bbaa6f4b82cd8c785a73ff7) Importer(815301076,1909f56bfc062723c751e8b465ee728b)  -> (artifact id: 'd22a0c9a207b7f2301c5882948c5852f') in 0.004993 seconds 
========================================================================
Received Import Request.
  Time since last request: 0.000021 seconds.
  path: Assets/Brackeys/2D Mega Pack/UI/ItemPoolFrame.png
  artifactKey: Guid(9e81f1d2291050f49bab39ec9fd0bbce) Importer(815301076,1909f56bfc062723c751e8b465ee728b)
Start importing Assets/Brackeys/2D Mega Pack/UI/ItemPoolFrame.png using Guid(9e81f1d2291050f49bab39ec9fd0bbce) Importer(815301076,1909f56bfc062723c751e8b465ee728b)  -> (artifact id: 'e1f974e82ee9fbbd52d869a8f93ac6d4') in 0.035770 seconds 
========================================================================
Received Import Request.
  Time since last request: 0.410204 seconds.
  path: Assets/Brackeys/2D Mega Pack/UI/Cursors/YellowCursor.png
  artifactKey: Guid(f6c447868c4916746aba134404e3b985) Importer(815301076,1909f56bfc062723c751e8b465ee728b)
Start importing Assets/Brackeys/2D Mega Pack/UI/Cursors/YellowCursor.png using Guid(f6c447868c4916746aba134404e3b985) Importer(815301076,1909f56bfc062723c751e8b465ee728b)  -> (artifact id: '5e3547fa7ebe3bc3894d60230924ec25') in 0.005477 seconds 
========================================================================
Received Import Request.
  Time since last request: 1.811096 seconds.
  path: Assets/Brackeys/2D Mega Pack/Sounds/ButtonPress.wav
  artifactKey: Guid(00b18e15346f38a4e8535ac98e4ac9ee) Importer(815301076,1909f56bfc062723c751e8b465ee728b)
Start importing Assets/Brackeys/2D Mega Pack/Sounds/ButtonPress.wav using Guid(00b18e15346f38a4e8535ac98e4ac9ee) Importer(815301076,1909f56bfc062723c751e8b465ee728b)  -> (artifact id: 'b600ccd73866c71c0662ee5583f435f1') in 0.072729 seconds 
========================================================================
Received Import Request.
  Time since last request: 0.000019 seconds.
  path: Assets/Brackeys/2D Mega Pack/Sounds/LandingFootsteps.wav
  artifactKey: Guid(a35ec44331d4b514cabf31e928f058b5) Importer(815301076,1909f56bfc062723c751e8b465ee728b)
Start importing Assets/Brackeys/2D Mega Pack/Sounds/LandingFootsteps.wav using Guid(a35ec44331d4b514cabf31e928f058b5) Importer(815301076,1909f56bfc062723c751e8b465ee728b)  -> (artifact id: '1d879858b36dc13dbc9a2f3d677c2994') in 0.005318 seconds 
========================================================================
Received Import Request.
  Time since last request: 0.000013 seconds.
  path: Assets/Brackeys/2D Mega Pack/Sounds/Spawn.wav
  artifactKey: Guid(c134bf6bd85561b4b938c913b97b57c9) Importer(815301076,1909f56bfc062723c751e8b465ee728b)
Start importing Assets/Brackeys/2D Mega Pack/Sounds/Spawn.wav using Guid(c134bf6bd85561b4b938c913b97b57c9) Importer(815301076,1909f56bfc062723c751e8b465ee728b)  -> (artifact id: '35dc661a7635d869ca5ca495a5bf2304') in 0.004885 seconds 
========================================================================
Received Import Request.
  Time since last request: 0.000017 seconds.
  path: Assets/Brackeys/2D Mega Pack/Sounds/Hit.wav
  artifactKey: Guid(87e2452fe2c754248926c9a9ab93a467) Importer(815301076,1909f56bfc062723c751e8b465ee728b)
Start importing Assets/Brackeys/2D Mega Pack/Sounds/Hit.wav using Guid(87e2452fe2c754248926c9a9ab93a467) Importer(815301076,1909f56bfc062723c751e8b465ee728b)  -> (artifact id: '0531463f3fb4d1ca505d6d067a21e164') in 0.004575 seconds 
========================================================================
Received Import Request.
  Time since last request: 0.000013 seconds.
  path: Assets/Brackeys/2D Mega Pack/Sounds/DeathVoice.wav
  artifactKey: Guid(bd8857660a16ba549b8cc522d93d9117) Importer(815301076,1909f56bfc062723c751e8b465ee728b)
Start importing Assets/Brackeys/2D Mega Pack/Sounds/DeathVoice.wav using Guid(bd8857660a16ba549b8cc522d93d9117) Importer(815301076,1909f56bfc062723c751e8b465ee728b)  -> (artifact id: 'a608f05282eed7f8d03617576c69a1df') in 0.006198 seconds 
========================================================================
Received Import Request.
  Time since last request: 0.451573 seconds.
  path: Assets/Brackeys/2D Mega Pack/Shapes/Diamond.png
  artifactKey: Guid(37616095ebf53744c950962f33663458) Importer(815301076,1909f56bfc062723c751e8b465ee728b)
Start importing Assets/Brackeys/2D Mega Pack/Shapes/Diamond.png using Guid(37616095ebf53744c950962f33663458) Importer(815301076,1909f56bfc062723c751e8b465ee728b)  -> (artifact id: '3b0edc00a4fdcbfd3aefb7329bd1f32f') in 0.004806 seconds 
========================================================================
Received Import Request.
  Time since last request: 0.000016 seconds.
  path: Assets/Brackeys/2D Mega Pack/Shapes/X.png
  artifactKey: Guid(b077818db7df77e4db729d473295e99e) Importer(815301076,1909f56bfc062723c751e8b465ee728b)
Start importing Assets/Brackeys/2D Mega Pack/Shapes/X.png using Guid(b077818db7df77e4db729d473295e99e) Importer(815301076,1909f56bfc062723c751e8b465ee728b)  -> (artifact id: '824a0fb38b39bf8dadb1f4ca34ea73a7') in 0.011483 seconds 
========================================================================
Received Import Request.
  Time since last request: 0.000013 seconds.
  path: Assets/Brackeys/2D Mega Pack/Shapes/Triangle.png
  artifactKey: Guid(1853af91c4d184747801f42772136f14) Importer(815301076,1909f56bfc062723c751e8b465ee728b)
Start importing Assets/Brackeys/2D Mega Pack/Shapes/Triangle.png using Guid(1853af91c4d184747801f42772136f14) Importer(815301076,1909f56bfc062723c751e8b465ee728b)  -> (artifact id: 'b856c401242582d92e468641668016c1') in 0.005982 seconds 
========================================================================
Received Import Request.
  Time since last request: 0.000014 seconds.
  path: Assets/Brackeys/2D Mega Pack/Shapes/LargeSquare.png
  artifactKey: Guid(a28960bf12ee0ef439f0a3de86162ef9) Importer(815301076,1909f56bfc062723c751e8b465ee728b)
Start importing Assets/Brackeys/2D Mega Pack/Shapes/LargeSquare.png using Guid(a28960bf12ee0ef439f0a3de86162ef9) Importer(815301076,1909f56bfc062723c751e8b465ee728b)  -> (artifact id: 'd381ea4305d0f12261a72d92ef4f649c') in 0.148301 seconds 
========================================================================
Received Import Request.
  Time since last request: 1.485748 seconds.
  path: Assets/Brackeys/2D Mega Pack/Platforms/Platform_Outline.png
  artifactKey: Guid(662d1569d83ae68469880e52c5214ece) Importer(815301076,1909f56bfc062723c751e8b465ee728b)
Start importing Assets/Brackeys/2D Mega Pack/Platforms/Platform_Outline.png using Guid(662d1569d83ae68469880e52c5214ece) Importer(815301076,1909f56bfc062723c751e8b465ee728b)  -> (artifact id: '641a4b929747a7fc0793da2b2a9f7845') in 0.005280 seconds 
========================================================================
Received Import Request.
  Time since last request: 0.000013 seconds.
  path: Assets/Brackeys/2D Mega Pack/Platforms/Platform_Pink_Wide.png
  artifactKey: Guid(849f7ba5345b1004db608d9d554c41dd) Importer(815301076,1909f56bfc062723c751e8b465ee728b)
Start importing Assets/Brackeys/2D Mega Pack/Platforms/Platform_Pink_Wide.png using Guid(849f7ba5345b1004db608d9d554c41dd) Importer(815301076,1909f56bfc062723c751e8b465ee728b)  -> (artifact id: '774c2db86aa2021dd04858821e5eee36') in 0.005412 seconds 
========================================================================
Received Import Request.
  Time since last request: 0.000018 seconds.
  path: Assets/Brackeys/2D Mega Pack/Platforms/Platform_Uncolored.png
  artifactKey: Guid(d58df5b5e36ba884f9c288a3020d48af) Importer(815301076,1909f56bfc062723c751e8b465ee728b)
Start importing Assets/Brackeys/2D Mega Pack/Platforms/Platform_Uncolored.png using Guid(d58df5b5e36ba884f9c288a3020d48af) Importer(815301076,1909f56bfc062723c751e8b465ee728b)  -> (artifact id: '926e0c5ec5de6d62dbfd12a2c9c3da78') in 0.005604 seconds 
========================================================================
Received Import Request.
  Time since last request: 0.000013 seconds.
  path: Assets/Brackeys/2D Mega Pack/Platforms/Platform_Wood_Wide.png
  artifactKey: Guid(93aacd30e6870dc45a5dcafc2d1b3414) Importer(815301076,1909f56bfc062723c751e8b465ee728b)
Start importing Assets/Brackeys/2D Mega Pack/Platforms/Platform_Wood_Wide.png using Guid(93aacd30e6870dc45a5dcafc2d1b3414) Importer(815301076,1909f56bfc062723c751e8b465ee728b)  -> (artifact id: '90be2eaffae06aeb8aa21edf9bec7e85') in 0.005517 seconds 
========================================================================
Received Import Request.
  Time since last request: 0.000015 seconds.
  path: Assets/Brackeys/2D Mega Pack/Platforms/Platform_Vertical_Uncolored.png
  artifactKey: Guid(0ddf619ff096ada469471c932a6d03d2) Importer(815301076,1909f56bfc062723c751e8b465ee728b)
Start importing Assets/Brackeys/2D Mega Pack/Platforms/Platform_Vertical_Uncolored.png using Guid(0ddf619ff096ada469471c932a6d03d2) Importer(815301076,1909f56bfc062723c751e8b465ee728b)  -> (artifact id: '840c385a1c181cd1b7d6d5fc8ec42a81') in 0.007329 seconds 
========================================================================
Received Import Request.
  Time since last request: 5.409993 seconds.
  path: Assets/Brackeys/2D Mega Pack/Items & Icons/Arcade/Bullet.png
  artifactKey: Guid(89676eea46ffbb2499fc4723811a023c) Importer(815301076,1909f56bfc062723c751e8b465ee728b)
Start importing Assets/Brackeys/2D Mega Pack/Items & Icons/Arcade/Bullet.png using Guid(89676eea46ffbb2499fc4723811a023c) Importer(815301076,1909f56bfc062723c751e8b465ee728b)  -> (artifact id: 'a239f0fc2bdb90a9292e2073d2150269') in 0.004818 seconds 
========================================================================
Received Import Request.
  Time since last request: 0.000014 seconds.
  path: Assets/Brackeys/2D Mega Pack/Items & Icons/Arcade/Spawn.png
  artifactKey: Guid(d5983714f6e6d7240a55fc92c9d26e26) Importer(815301076,1909f56bfc062723c751e8b465ee728b)
Start importing Assets/Brackeys/2D Mega Pack/Items & Icons/Arcade/Spawn.png using Guid(d5983714f6e6d7240a55fc92c9d26e26) Importer(815301076,1909f56bfc062723c751e8b465ee728b)  -> (artifact id: 'b8085a58d2f4c0dc3bcf00aeecfccc51') in 0.005642 seconds 
========================================================================
Received Import Request.
  Time since last request: 0.000013 seconds.
  path: Assets/Brackeys/2D Mega Pack/Items & Icons/Arcade/GreenButton.png
  artifactKey: Guid(fc3ca5f00e28bb9449d9adff522890d9) Importer(815301076,1909f56bfc062723c751e8b465ee728b)
Start importing Assets/Brackeys/2D Mega Pack/Items & Icons/Arcade/GreenButton.png using Guid(fc3ca5f00e28bb9449d9adff522890d9) Importer(815301076,1909f56bfc062723c751e8b465ee728b)  -> (artifact id: 'b1d416ab3ab2c7ab8274621273a632e1') in 0.006203 seconds 
========================================================================
Received Import Request.
  Time since last request: 3.556422 seconds.
  path: Assets/Brackeys/2D Mega Pack/Items & Icons/Cute/DinnerTable.png
  artifactKey: Guid(e11c6e74230e7c840a3fbcf8989cb499) Importer(815301076,1909f56bfc062723c751e8b465ee728b)
Start importing Assets/Brackeys/2D Mega Pack/Items & Icons/Cute/DinnerTable.png using Guid(e11c6e74230e7c840a3fbcf8989cb499) Importer(815301076,1909f56bfc062723c751e8b465ee728b)  -> (artifact id: '595d011a3b1e4ea0d364bd98b651eef9') in 0.007326 seconds 
========================================================================
Received Import Request.
  Time since last request: 1.611841 seconds.
  path: Assets/Brackeys/2D Mega Pack/Items & Icons/Gold Miner/Harpoon.png
  artifactKey: Guid(3f40ae8170066bb4d8280a58328eaa8f) Importer(815301076,1909f56bfc062723c751e8b465ee728b)
Start importing Assets/Brackeys/2D Mega Pack/Items & Icons/Gold Miner/Harpoon.png using Guid(3f40ae8170066bb4d8280a58328eaa8f) Importer(815301076,1909f56bfc062723c751e8b465ee728b)  -> (artifact id: 'f208d490e5db9178c11ee2fe131c15c0') in 0.005262 seconds 
========================================================================
Received Import Request.
  Time since last request: 0.000013 seconds.
  path: Assets/Brackeys/2D Mega Pack/Items & Icons/Gold Miner/Tape.png
  artifactKey: Guid(40c498d119203b24f871fd46978c7b48) Importer(815301076,1909f56bfc062723c751e8b465ee728b)
Start importing Assets/Brackeys/2D Mega Pack/Items & Icons/Gold Miner/Tape.png using Guid(40c498d119203b24f871fd46978c7b48) Importer(815301076,1909f56bfc062723c751e8b465ee728b)  -> (artifact id: '3dace1daa27f1d7843482932cea2325f') in 0.005983 seconds 
========================================================================
Received Import Request.
  Time since last request: 0.000017 seconds.
  path: Assets/Brackeys/2D Mega Pack/Items & Icons/Gold Miner/Hook.png
  artifactKey: Guid(cce7f5ea931569049963cde10e4e5d77) Importer(815301076,1909f56bfc062723c751e8b465ee728b)
Start importing Assets/Brackeys/2D Mega Pack/Items & Icons/Gold Miner/Hook.png using Guid(cce7f5ea931569049963cde10e4e5d77) Importer(815301076,1909f56bfc062723c751e8b465ee728b)  -> (artifact id: '6a787f2cd1d0c14b5a568c39c35565a0') in 0.008337 seconds 
========================================================================
Received Import Request.
  Time since last request: 3.039375 seconds.
  path: Assets/Brackeys/2D Mega Pack/Items & Icons/Minimalistic/MidLine.png
  artifactKey: Guid(96a46c8d2a33f494e82f6385dfdbcc26) Importer(815301076,1909f56bfc062723c751e8b465ee728b)
Start importing Assets/Brackeys/2D Mega Pack/Items & Icons/Minimalistic/MidLine.png using Guid(96a46c8d2a33f494e82f6385dfdbcc26) Importer(815301076,1909f56bfc062723c751e8b465ee728b)  -> (artifact id: '92bc99c4a50ed809ba01e59b7e1ba875') in 0.007257 seconds 
========================================================================
Received Import Request.
  Time since last request: 1.959593 seconds.
  path: Assets/Brackeys/2D Mega Pack/Items & Icons/Pixel Art/Coin.png
  artifactKey: Guid(d2c0dc76eca05bb4eb4f3fc4a37f258d) Importer(815301076,1909f56bfc062723c751e8b465ee728b)
Start importing Assets/Brackeys/2D Mega Pack/Items & Icons/Pixel Art/Coin.png using Guid(d2c0dc76eca05bb4eb4f3fc4a37f258d) Importer(815301076,1909f56bfc062723c751e8b465ee728b)  -> (artifact id: 'f71cb299c7bbf0c3ce35d8962b1d0731') in 0.005104 seconds 
========================================================================
Received Import Request.
  Time since last request: 0.000013 seconds.
  path: Assets/Brackeys/2D Mega Pack/Items & Icons/Pixel Art/Friendly Army.png
  artifactKey: Guid(9af35dcba929e4d4e864929c8597e626) Importer(815301076,1909f56bfc062723c751e8b465ee728b)
Start importing Assets/Brackeys/2D Mega Pack/Items & Icons/Pixel Art/Friendly Army.png using Guid(9af35dcba929e4d4e864929c8597e626) Importer(815301076,1909f56bfc062723c751e8b465ee728b)  -> (artifact id: '551182b4b3f3d290297b70a671fccd3d') in 0.012863 seconds 
========================================================================
Received Import Request.
  Time since last request: 0.000016 seconds.
  path: Assets/Brackeys/2D Mega Pack/Items & Icons/Pixel Art/World Ender.png
  artifactKey: Guid(5c08bbcce060bf24c8074d9f4d593e63) Importer(815301076,1909f56bfc062723c751e8b465ee728b)
Start importing Assets/Brackeys/2D Mega Pack/Items & Icons/Pixel Art/World Ender.png using Guid(5c08bbcce060bf24c8074d9f4d593e63) Importer(815301076,1909f56bfc062723c751e8b465ee728b)  -> (artifact id: 'b2d0b74123ed4547cc32e85fa4e48c80') in 0.005677 seconds 
========================================================================
Received Import Request.
  Time since last request: 0.000013 seconds.
  path: Assets/Brackeys/2D Mega Pack/Items & Icons/Pixel Art/Rock.png
  artifactKey: Guid(99bbc83bebbd36849b732a06e55ad60e) Importer(815301076,1909f56bfc062723c751e8b465ee728b)
Start importing Assets/Brackeys/2D Mega Pack/Items & Icons/Pixel Art/Rock.png using Guid(99bbc83bebbd36849b732a06e55ad60e) Importer(815301076,1909f56bfc062723c751e8b465ee728b)  -> (artifact id: 'c65fd67b811b8a3bbbb25bf3300952e6') in 0.006866 seconds 
========================================================================
Received Import Request.
  Time since last request: 0.000014 seconds.
  path: Assets/Brackeys/2D Mega Pack/Items & Icons/Pixel Art/Diamond.png
  artifactKey: Guid(6b3b8ef492edc304f9230dc368e8af5c) Importer(815301076,1909f56bfc062723c751e8b465ee728b)
Start importing Assets/Brackeys/2D Mega Pack/Items & Icons/Pixel Art/Diamond.png using Guid(6b3b8ef492edc304f9230dc368e8af5c) Importer(815301076,1909f56bfc062723c751e8b465ee728b)  -> (artifact id: '581838bfae7a61161df18e5adbbe6dd8') in 0.009113 seconds 
========================================================================
Received Import Request.
  Time since last request: 0.000013 seconds.
  path: Assets/Brackeys/2D Mega Pack/Items & Icons/Pixel Art/Magic Egg.png
  artifactKey: Guid(e0c7d5a920e98fd47a926292adc0bec7) Importer(815301076,1909f56bfc062723c751e8b465ee728b)
Start importing Assets/Brackeys/2D Mega Pack/Items & Icons/Pixel Art/Magic Egg.png using Guid(e0c7d5a920e98fd47a926292adc0bec7) Importer(815301076,1909f56bfc062723c751e8b465ee728b)  -> (artifact id: '1e2b8f20934ae1127fd71c5abcac651a') in 0.005403 seconds 
========================================================================
Received Import Request.
  Time since last request: 0.000014 seconds.
  path: Assets/Brackeys/2D Mega Pack/Items & Icons/Pixel Art/Sand.png
  artifactKey: Guid(45854289d4f5e5a418b189bc9b896389) Importer(815301076,1909f56bfc062723c751e8b465ee728b)
Start importing Assets/Brackeys/2D Mega Pack/Items & Icons/Pixel Art/Sand.png using Guid(45854289d4f5e5a418b189bc9b896389) Importer(815301076,1909f56bfc062723c751e8b465ee728b)  -> (artifact id: 'b6c2e3d18ff920b2cdc2be9c83752b9b') in 0.004970 seconds 
========================================================================
Received Import Request.
  Time since last request: 0.000019 seconds.
  path: Assets/Brackeys/2D Mega Pack/Items & Icons/Pixel Art/Meat.png
  artifactKey: Guid(eab87f10d2afa594c92ed3d29451b618) Importer(815301076,1909f56bfc062723c751e8b465ee728b)
Start importing Assets/Brackeys/2D Mega Pack/Items & Icons/Pixel Art/Meat.png using Guid(eab87f10d2afa594c92ed3d29451b618) Importer(815301076,1909f56bfc062723c751e8b465ee728b)  -> (artifact id: '68cfbc39939460d3a99ad461c87adc4c') in 0.005673 seconds 
========================================================================
Received Import Request.
  Time since last request: 0.000026 seconds.
  path: Assets/Brackeys/2D Mega Pack/Items & Icons/Pixel Art/Iron.png
  artifactKey: Guid(9e3850ff9c22c0949954069e855a2a44) Importer(815301076,1909f56bfc062723c751e8b465ee728b)
Start importing Assets/Brackeys/2D Mega Pack/Items & Icons/Pixel Art/Iron.png using Guid(9e3850ff9c22c0949954069e855a2a44) Importer(815301076,1909f56bfc062723c751e8b465ee728b)  -> (artifact id: '0caeb32298e210113006269323ec4422') in 0.004903 seconds 
========================================================================
Received Import Request.
  Time since last request: 0.000018 seconds.
  path: Assets/Brackeys/2D Mega Pack/Items & Icons/Pixel Art/Wool.png
  artifactKey: Guid(a88d5300df9790349866dcad93d3a1ea) Importer(815301076,1909f56bfc062723c751e8b465ee728b)
Start importing Assets/Brackeys/2D Mega Pack/Items & Icons/Pixel Art/Wool.png using Guid(a88d5300df9790349866dcad93d3a1ea) Importer(815301076,1909f56bfc062723c751e8b465ee728b)  -> (artifact id: '40a5246bb40b022a4750c9dc6114890d') in 0.005556 seconds 
========================================================================
Received Import Request.
  Time since last request: 2.385077 seconds.
  path: Assets/Brackeys/2D Mega Pack/Items & Icons/Stick Figure-like/Tank.png
  artifactKey: Guid(99339aba5d228704ab7de4b62ded388d) Importer(815301076,1909f56bfc062723c751e8b465ee728b)
Start importing Assets/Brackeys/2D Mega Pack/Items & Icons/Stick Figure-like/Tank.png using Guid(99339aba5d228704ab7de4b62ded388d) Importer(815301076,1909f56bfc062723c751e8b465ee728b)  -> (artifact id: 'e358b09899705a832cdadd89bdbed6c6') in 0.007945 seconds 
Editor requested this worker to shutdown with reason: Scaling down because of idle timeout
AssetImportWorker is now disconnected from the server
Process exiting
Exiting without the bug reporter. Application will terminate with return code 0